<?xml version="1.0" encoding="UTF-8"?>
<testsuite xmlns:xsi="http://www.w3.org/2001/XMLSchema-instance" xsi:noNamespaceSchemaLocation="https://maven.apache.org/surefire/maven-surefire-plugin/xsd/surefire-test-report-3.0.xsd" version="3.0" name="com.example.usermanagement.dao.UserDAOTest" time="1.473" tests="7" errors="0" skipped="0" failures="0">
  <properties>
[...]
</properties>
  <testcase name="testAddUser_Success" classname="com.example.usermanagement.dao.UserDAOTest" time="1.383">
    <system-out><![CDATA[Test setup completed for: John Snow

 Testing addUser()
User added successfully: John Snow
AddUser test passed!
Test cleanup completed

]]></system-out>
    <system-err><![CDATA[WARNING: A Java agent has been loaded dynamically (C:\Users\MO\.m2\repository\net\bytebuddy\byte-buddy-agent\1.14.10\byte-buddy-agent-1.14.10.jar)
WARNING: If a serviceability tool is in use, please run with -XX:+EnableDynamicAgentLoading to hide this warning
WARNING: If a serviceability tool is not in use, please run with -Djdk.instrument.traceUsage for more information
WARNING: Dynamic loading of agents will be disallowed by default in a future release
]]></system-err>
  </testcase>
  <testcase name="testGetUserById_Found" classname="com.example.usermanagement.dao.UserDAOTest" time="0.01">
    <system-out><![CDATA[Test setup completed for: John Snow

 Testing getUserById()
GetUserById test passed successfully!
Test cleanup completed

]]></system-out>
  </testcase>
  <testcase name="testUpdateUser_Success" classname="com.example.usermanagement.dao.UserDAOTest" time="0.006">
    <system-out><![CDATA[Test setup completed for: John Snow

 Testing updateUser()
User updated successfully: John Snow
UpdateUser test passed successfully!
Test cleanup completed

]]></system-out>
  </testcase>
  <testcase name="testDeleteUser_Success" classname="com.example.usermanagement.dao.UserDAOTest" time="0.009">
    <system-out><![CDATA[Test setup completed for: John Snow

Testing deleteUser()
User deleted successfully. ID: 1
DeleteUser test passed successfully!
Test cleanup completed

]]></system-out>
  </testcase>
  <testcase name="testEmailExists_True" classname="com.example.usermanagement.dao.UserDAOTest" time="0.008">
    <system-out><![CDATA[Test setup completed for: John Snow

Testing emailExists()
EmailExists test passed successfully!
Test cleanup completed

]]></system-out>
  </testcase>
  <testcase name="testGetAllUsers_Success" classname="com.example.usermanagement.dao.UserDAOTest" time="0.007">
    <system-out><![CDATA[Test setup completed for: John Snow

Testing getAllUsers()
GetAllUsers test passed successfully!
Test cleanup completed

]]></system-out>
  </testcase>
  <testcase name="testGetUserCount_Success" classname="com.example.usermanagement.dao.UserDAOTest" time="0.006">
    <system-out><![CDATA[Test setup completed for: John Snow

Testing getUserCount()
GetUserCount test passed successfully!
Test cleanup completed

]]></system-out>
  </testcase>
</testsuite>